# JRE version: OpenJDK Runtime Environment (8.0_222-b10) (build 1.8.0_222-b10)
# Java VM: OpenJDK 64-Bit Server VM (25.222-b10 mixed mode linux-amd64 compressed oops)
Heap:
 PSYoungGen      total 312320K, used 223126K [0x00000000eab00000, 0x0000000100000000, 0x0000000100000000)
  eden space 276480K, 78% used [0x00000000eab00000,0x00000000f7f64c18,0x00000000fb900000)
  from space 35840K, 15% used [0x00000000fdd00000,0x00000000fe280c58,0x0000000100000000)
  to   space 36352K, 0% used [0x00000000fb900000,0x00000000fb900000,0x00000000fdc80000)
 ParOldGen       total 699392K, used 44811K [0x00000000c0000000, 0x00000000eab00000, 0x00000000eab00000)
  object space 699392K, 6% used [0x00000000c0000000,0x00000000c2bc2d88,0x00000000eab00000)
 Metaspace       used 91785K, capacity 105860K, committed 106112K, reserved 1142784K
  class space    used 12515K, capacity 13364K, committed 13440K, reserved 1048576K
GC Heap History (10 events):
Event: 129.696 GC heap before
{Heap before GC invocations=8 (full 3):
 PSYoungGen      total 305664K, used 25626K [0x00000000eab00000, 0x0000000100000000, 0x0000000100000000)
  eden space 262144K, 0% used [0x00000000eab00000,0x00000000eab00000,0x00000000fab00000)
  from space 43520K, 58% used [0x00000000fab00000,0x00000000fc406878,0x00000000fd580000)
  to   space 24576K, 0% used [0x00000000fe800000,0x00000000fe800000,0x0000000100000000)
 ParOldGen       total 699392K, used 15585K [0x00000000c0000000, 0x00000000eab00000, 0x00000000eab00000)
  object space 699392K, 2% used [0x00000000c0000000,0x00000000c0f38430,0x00000000eab00000)
 Metaspace       used 54103K, capacity 59008K, committed 59028K, reserved 1101824K
  class space    used 7005K, capacity 7404K, committed 7424K, reserved 1048576K
Event: 129.907 GC heap after
Heap after GC invocations=8 (full 3):
 PSYoungGen      total 305664K, used 0K [0x00000000eab00000, 0x0000000100000000, 0x0000000100000000)
  eden space 262144K, 0% used [0x00000000eab00000,0x00000000eab00000,0x00000000fab00000)
  from space 43520K, 0% used [0x00000000fab00000,0x00000000fab00000,0x00000000fd580000)
  to   space 24576K, 0% used [0x00000000fe800000,0x00000000fe800000,0x0000000100000000)
 ParOldGen       total 699392K, used 32483K [0x00000000c0000000, 0x00000000eab00000, 0x00000000eab00000)
  object space 699392K, 4% used [0x00000000c0000000,0x00000000c1fb8cb8,0x00000000eab00000)
 Metaspace       used 54098K, capacity 59000K, committed 59028K, reserved 1101824K
  class space    used 7002K, capacity 7401K, committed 7424K, reserved 1048576K
}
Event: 156.018 GC heap before
{Heap before GC invocations=9 (full 3):
 PSYoungGen      total 305664K, used 262144K [0x00000000eab00000, 0x0000000100000000, 0x0000000100000000)
  eden space 262144K, 100% used [0x00000000eab00000,0x00000000fab00000,0x00000000fab00000)
  from space 43520K, 0% used [0x00000000fab00000,0x00000000fab00000,0x00000000fd580000)
  to   space 24576K, 0% used [0x00000000fe800000,0x00000000fe800000,0x0000000100000000)
 ParOldGen       total 699392K, used 32483K [0x00000000c0000000, 0x00000000eab00000, 0x00000000eab00000)
  object space 699392K, 4% used [0x00000000c0000000,0x00000000c1fb8cb8,0x00000000eab00000)
 Metaspace       used 82738K, capacity 94173K, committed 94464K, reserved 1132544K
  class space    used 11044K, capacity 11738K, committed 11776K, reserved 1048576K
Event: 156.100 GC heap after
Heap after GC invocations=9 (full 3):
 PSYoungGen      total 303104K, used 24547K [0x00000000eab00000, 0x0000000100000000, 0x0000000100000000)
  eden space 278528K, 0% used [0x00000000eab00000,0x00000000eab00000,0x00000000fbb00000)
  from space 24576K, 99% used [0x00000000fe800000,0x00000000ffff8d18,0x0000000100000000)
  to   space 35328K, 0% used [0x00000000fbb00000,0x00000000fbb00000,0x00000000fdd80000)
 ParOldGen       total 699392K, used 43587K [0x00000000c0000000, 0x00000000eab00000, 0x00000000eab00000)
  object space 699392K, 6% used [0x00000000c0000000,0x00000000c2a90c50,0x00000000eab00000)
 Metaspace       used 82738K, capacity 94173K, committed 94464K, reserved 1132544K
  class space    used 11044K, capacity 11738K, committed 11776K, reserved 1048576K
}
Event: 158.639 GC heap before
{Heap before GC invocations=10 (full 3):
 PSYoungGen      total 303104K, used 60356K [0x00000000eab00000, 0x0000000100000000, 0x0000000100000000)
  eden space 278528K, 12% used [0x00000000eab00000,0x00000000ecdf8508,0x00000000fbb00000)
  from space 24576K, 99% used [0x00000000fe800000,0x00000000ffff8d18,0x0000000100000000)
  to   space 35328K, 0% used [0x00000000fbb00000,0x00000000fbb00000,0x00000000fdd80000)
 ParOldGen       total 699392K, used 43587K [0x00000000c0000000, 0x00000000eab00000, 0x00000000eab00000)
  object space 699392K, 6% used [0x00000000c0000000,0x00000000c2a90c50,0x00000000eab00000)
 Metaspace       used 86143K, capacity 98322K, committed 98380K, reserved 1136640K
  class space    used 11499K, capacity 12230K, committed 12288K, reserved 1048576K
Event: 158.713 GC heap after
Heap after GC invocations=10 (full 3):
 PSYoungGen      total 302592K, used 23800K [0x00000000eab00000, 0x0000000100000000, 0x0000000100000000)
  eden space 278528K, 0% used [0x00000000eab00000,0x00000000eab00000,0x00000000fbb00000)
  from space 24064K, 98% used [0x00000000fbb00000,0x00000000fd23e0d0,0x00000000fd280000)
  to   space 35840K, 0% used [0x00000000fdd00000,0x00000000fdd00000,0x0000000100000000)
 ParOldGen       total 699392K, used 43595K [0x00000000c0000000, 0x00000000eab00000, 0x00000000eab00000)
  object space 699392K, 6% used [0x00000000c0000000,0x00000000c2a92c50,0x00000000eab00000)
 Metaspace       used 86143K, capacity 98322K, committed 98380K, reserved 1136640K
  class space    used 11499K, capacity 12230K, committed 12288K, reserved 1048576K
}
Event: 158.714 GC heap before
{Heap before GC invocations=11 (full 4):
 PSYoungGen      total 302592K, used 23800K [0x00000000eab00000, 0x0000000100000000, 0x0000000100000000)
  eden space 278528K, 0% used [0x00000000eab00000,0x00000000eab00000,0x00000000fbb00000)
  from space 24064K, 98% used [0x00000000fbb00000,0x00000000fd23e0d0,0x00000000fd280000)
  to   space 35840K, 0% used [0x00000000fdd00000,0x00000000fdd00000,0x0000000100000000)
 ParOldGen       total 699392K, used 43595K [0x00000000c0000000, 0x00000000eab00000, 0x00000000eab00000)
  object space 699392K, 6% used [0x00000000c0000000,0x00000000c2a92c50,0x00000000eab00000)
 Metaspace       used 86143K, capacity 98322K, committed 98380K, reserved 1136640K
  class space    used 11499K, capacity 12230K, committed 12288K, reserved 1048576K
Event: 159.049 GC heap after
Heap after GC invocations=11 (full 4):
 PSYoungGen      total 302592K, used 0K [0x00000000eab00000, 0x0000000100000000, 0x0000000100000000)
  eden space 278528K, 0% used [0x00000000eab00000,0x00000000eab00000,0x00000000fbb00000)
  from space 24064K, 0% used [0x00000000fbb00000,0x00000000fbb00000,0x00000000fd280000)
  to   space 35840K, 0% used [0x00000000fdd00000,0x00000000fdd00000,0x0000000100000000)
 ParOldGen       total 699392K, used 44803K [0x00000000c0000000, 0x00000000eab00000, 0x00000000eab00000)
  object space 699392K, 6% used [0x00000000c0000000,0x00000000c2bc0d88,0x00000000eab00000)
 Metaspace       used 85779K, capacity 97574K, committed 98380K, reserved 1136640K
  class space    used 11377K, capacity 12089K, committed 12288K, reserved 1048576K
}
Event: 175.811 GC heap before
{Heap before GC invocations=12 (full 4):
 PSYoungGen      total 302592K, used 278528K [0x00000000eab00000, 0x0000000100000000, 0x0000000100000000)
  eden space 278528K, 100% used [0x00000000eab00000,0x00000000fbb00000,0x00000000fbb00000)
  from space 24064K, 0% used [0x00000000fbb00000,0x00000000fbb00000,0x00000000fd280000)
  to   space 35840K, 0% used [0x00000000fdd00000,0x00000000fdd00000,0x0000000100000000)
 ParOldGen       total 699392K, used 44803K [0x00000000c0000000, 0x00000000eab00000, 0x00000000eab00000)
  object space 699392K, 6% used [0x00000000c0000000,0x00000000c2bc0d88,0x00000000eab00000)
 Metaspace       used 91159K, capacity 105206K, committed 105472K, reserved 1140736K
  class space    used 12471K, capacity 13300K, committed 13312K, reserved 1048576K
Event: 175.849 GC heap after
Heap after GC invocations=12 (full 4):
 PSYoungGen      total 312320K, used 5635K [0x00000000eab00000, 0x0000000100000000, 0x0000000100000000)
  eden space 276480K, 0% used [0x00000000eab00000,0x00000000eab00000,0x00000000fb900000)
  from space 35840K, 15% used [0x00000000fdd00000,0x00000000fe280c58,0x0000000100000000)
  to   space 36352K, 0% used [0x00000000fb900000,0x00000000fb900000,0x00000000fdc80000)
 ParOldGen       total 699392K, used 44811K [0x00000000c0000000, 0x00000000eab00000, 0x00000000eab00000)
  object space 699392K, 6% used [0x00000000c0000000,0x00000000c2bc2d88,0x00000000eab00000)
 Metaspace       used 91159K, capacity 105206K, committed 105472K, reserved 1140736K
  class space    used 12471K, capacity 13300K, committed 13312K, reserved 1048576K
}

