# JRE version: OpenJDK Runtime Environment (8.0_222-b10) (build 1.8.0_222-b10)
# Java VM: OpenJDK 64-Bit Server VM (25.222-b10 mixed mode linux-amd64 compressed oops)
Heap:
 PSYoungGen      total 305152K, used 275267K [0x00000000eab00000, 0x0000000100000000, 0x0000000100000000)
  eden space 261632K, 88% used [0x00000000eab00000,0x00000000f8d51b50,0x00000000faa80000)
  from space 43520K, 99% used [0x00000000faa80000,0x00000000fd4ff168,0x00000000fd500000)
  to   space 44032K, 0% used [0x00000000fd500000,0x00000000fd500000,0x0000000100000000)
 ParOldGen       total 699392K, used 50209K [0x00000000c0000000, 0x00000000eab00000, 0x00000000eab00000)
  object space 699392K, 7% used [0x00000000c0000000,0x00000000c31085d8,0x00000000eab00000)
 Metaspace       used 106301K, capacity 123643K, committed 123852K, reserved 1157120K
  class space    used 15310K, capacity 16310K, committed 16384K, reserved 1048576K
GC Heap History (10 events):
Event: 62.217 GC heap before
{Heap before GC invocations=9 (full 4):
 PSYoungGen      total 305664K, used 26094K [0x00000000eab00000, 0x0000000100000000, 0x0000000100000000)
  eden space 262144K, 0% used [0x00000000eab00000,0x00000000eab00000,0x00000000fab00000)
  from space 43520K, 59% used [0x00000000fab00000,0x00000000fc47b810,0x00000000fd580000)
  to   space 40960K, 0% used [0x00000000fd800000,0x00000000fd800000,0x0000000100000000)
 ParOldGen       total 699392K, used 50089K [0x00000000c0000000, 0x00000000eab00000, 0x00000000eab00000)
  object space 699392K, 7% used [0x00000000c0000000,0x00000000c30ea640,0x00000000eab00000)
 Metaspace       used 85351K, capacity 98293K, committed 98380K, reserved 1134592K
  class space    used 11880K, capacity 12607K, committed 12672K, reserved 1048576K
Event: 62.511 GC heap after
Heap after GC invocations=9 (full 4):
 PSYoungGen      total 305664K, used 0K [0x00000000eab00000, 0x0000000100000000, 0x0000000100000000)
  eden space 262144K, 0% used [0x00000000eab00000,0x00000000eab00000,0x00000000fab00000)
  from space 43520K, 0% used [0x00000000fab00000,0x00000000fab00000,0x00000000fd580000)
  to   space 40960K, 0% used [0x00000000fd800000,0x00000000fd800000,0x0000000100000000)
 ParOldGen       total 699392K, used 47430K [0x00000000c0000000, 0x00000000eab00000, 0x00000000eab00000)
  object space 699392K, 6% used [0x00000000c0000000,0x00000000c2e51920,0x00000000eab00000)
 Metaspace       used 84699K, capacity 96979K, committed 98380K, reserved 1134592K
  class space    used 11671K, capacity 12368K, committed 12672K, reserved 1048576K
}
Event: 71.664 GC heap before
{Heap before GC invocations=10 (full 4):
 PSYoungGen      total 305664K, used 262144K [0x00000000eab00000, 0x0000000100000000, 0x0000000100000000)
  eden space 262144K, 100% used [0x00000000eab00000,0x00000000fab00000,0x00000000fab00000)
  from space 43520K, 0% used [0x00000000fab00000,0x00000000fab00000,0x00000000fd580000)
  to   space 40960K, 0% used [0x00000000fd800000,0x00000000fd800000,0x0000000100000000)
 ParOldGen       total 699392K, used 47430K [0x00000000c0000000, 0x00000000eab00000, 0x00000000eab00000)
  object space 699392K, 6% used [0x00000000c0000000,0x00000000c2e51920,0x00000000eab00000)
 Metaspace       used 85588K, capacity 98129K, committed 99148K, reserved 1136640K
  class space    used 11771K, capacity 12501K, committed 12672K, reserved 1048576K
Event: 71.695 GC heap after
Heap after GC invocations=10 (full 4):
 PSYoungGen      total 302080K, used 4401K [0x00000000eab00000, 0x0000000100000000, 0x0000000100000000)
  eden space 261120K, 0% used [0x00000000eab00000,0x00000000eab00000,0x00000000faa00000)
  from space 40960K, 10% used [0x00000000fd800000,0x00000000fdc4c760,0x0000000100000000)
  to   space 44032K, 0% used [0x00000000faa00000,0x00000000faa00000,0x00000000fd500000)
 ParOldGen       total 699392K, used 47438K [0x00000000c0000000, 0x00000000eab00000, 0x00000000eab00000)
  object space 699392K, 6% used [0x00000000c0000000,0x00000000c2e53920,0x00000000eab00000)
 Metaspace       used 85588K, capacity 98129K, committed 99148K, reserved 1136640K
  class space    used 11771K, capacity 12501K, committed 12672K, reserved 1048576K
}
Event: 77.832 GC heap before
{Heap before GC invocations=11 (full 4):
 PSYoungGen      total 302080K, used 264859K [0x00000000eab00000, 0x0000000100000000, 0x0000000100000000)
  eden space 261120K, 99% used [0x00000000eab00000,0x00000000fa95a508,0x00000000faa00000)
  from space 40960K, 10% used [0x00000000fd800000,0x00000000fdc4c760,0x0000000100000000)
  to   space 44032K, 0% used [0x00000000faa00000,0x00000000faa00000,0x00000000fd500000)
 ParOldGen       total 699392K, used 47438K [0x00000000c0000000, 0x00000000eab00000, 0x00000000eab00000)
  object space 699392K, 6% used [0x00000000c0000000,0x00000000c2e53920,0x00000000eab00000)
 Metaspace       used 85820K, capacity 98325K, committed 99148K, reserved 1136640K
  class space    used 11775K, capacity 12507K, committed 12672K, reserved 1048576K
Event: 77.846 GC heap after
Heap after GC invocations=11 (full 4):
 PSYoungGen      total 305152K, used 9874K [0x00000000eab00000, 0x0000000100000000, 0x0000000100000000)
  eden space 261120K, 0% used [0x00000000eab00000,0x00000000eab00000,0x00000000faa00000)
  from space 44032K, 22% used [0x00000000faa00000,0x00000000fb3a4a08,0x00000000fd500000)
  to   space 44032K, 0% used [0x00000000fd500000,0x00000000fd500000,0x0000000100000000)
 ParOldGen       total 699392K, used 47446K [0x00000000c0000000, 0x00000000eab00000, 0x00000000eab00000)
  object space 699392K, 6% used [0x00000000c0000000,0x00000000c2e55920,0x00000000eab00000)
 Metaspace       used 85820K, capacity 98325K, committed 99148K, reserved 1136640K
  class space    used 11775K, capacity 12507K, committed 12672K, reserved 1048576K
}
Event: 85.284 GC heap before
{Heap before GC invocations=12 (full 4):
 PSYoungGen      total 305152K, used 270994K [0x00000000eab00000, 0x0000000100000000, 0x0000000100000000)
  eden space 261120K, 100% used [0x00000000eab00000,0x00000000faa00000,0x00000000faa00000)
  from space 44032K, 22% used [0x00000000faa00000,0x00000000fb3a4a08,0x00000000fd500000)
  to   space 44032K, 0% used [0x00000000fd500000,0x00000000fd500000,0x0000000100000000)
 ParOldGen       total 699392K, used 47446K [0x00000000c0000000, 0x00000000eab00000, 0x00000000eab00000)
  object space 699392K, 6% used [0x00000000c0000000,0x00000000c2e55920,0x00000000eab00000)
 Metaspace       used 86898K, capacity 99709K, committed 100044K, reserved 1136640K
  class space    used 11945K, capacity 12691K, committed 12800K, reserved 1048576K
Event: 85.314 GC heap after
Heap after GC invocations=12 (full 4):
 PSYoungGen      total 305664K, used 8229K [0x00000000eab00000, 0x0000000100000000, 0x0000000100000000)
  eden space 261632K, 0% used [0x00000000eab00000,0x00000000eab00000,0x00000000faa80000)
  from space 44032K, 18% used [0x00000000fd500000,0x00000000fdd095f0,0x0000000100000000)
  to   space 43520K, 0% used [0x00000000faa80000,0x00000000faa80000,0x00000000fd500000)
 ParOldGen       total 699392K, used 47454K [0x00000000c0000000, 0x00000000eab00000, 0x00000000eab00000)
  object space 699392K, 6% used [0x00000000c0000000,0x00000000c2e57920,0x00000000eab00000)
 Metaspace       used 86898K, capacity 99709K, committed 100044K, reserved 1136640K
  class space    used 11945K, capacity 12691K, committed 12800K, reserved 1048576K
}
Event: 107.242 GC heap before
{Heap before GC invocations=13 (full 4):
 PSYoungGen      total 305664K, used 269861K [0x00000000eab00000, 0x0000000100000000, 0x0000000100000000)
  eden space 261632K, 100% used [0x00000000eab00000,0x00000000faa80000,0x00000000faa80000)
  from space 44032K, 18% used [0x00000000fd500000,0x00000000fdd095f0,0x0000000100000000)
  to   space 43520K, 0% used [0x00000000faa80000,0x00000000faa80000,0x00000000fd500000)
 ParOldGen       total 699392K, used 47454K [0x00000000c0000000, 0x00000000eab00000, 0x00000000eab00000)
  object space 699392K, 6% used [0x00000000c0000000,0x00000000c2e57920,0x00000000eab00000)
 Metaspace       used 96889K, capacity 111465K, committed 111820K, reserved 1146880K
  class space    used 13052K, capacity 13964K, committed 14080K, reserved 1048576K
Event: 107.333 GC heap after
Heap after GC invocations=13 (full 4):
 PSYoungGen      total 305152K, used 43516K [0x00000000eab00000, 0x0000000100000000, 0x0000000100000000)
  eden space 261632K, 0% used [0x00000000eab00000,0x00000000eab00000,0x00000000faa80000)
  from space 43520K, 99% used [0x00000000faa80000,0x00000000fd4ff168,0x00000000fd500000)
  to   space 44032K, 0% used [0x00000000fd500000,0x00000000fd500000,0x0000000100000000)
 ParOldGen       total 699392K, used 50209K [0x00000000c0000000, 0x00000000eab00000, 0x00000000eab00000)
  object space 699392K, 7% used [0x00000000c0000000,0x00000000c31085d8,0x00000000eab00000)
 Metaspace       used 96889K, capacity 111465K, committed 111820K, reserved 1146880K
  class space    used 13052K, capacity 13964K, committed 14080K, reserved 1048576K
}

