# JRE version: OpenJDK Runtime Environment (8.0_312-b07) (build 1.8.0_312-b07)
# Java VM: OpenJDK 64-Bit Server VM (25.312-b07 mixed mode linux-amd64 compressed oops)
Heap:
 PSYoungGen      total 109056K, used 68791K [0x0000000780000000, 0x000000078a280000, 0x00000007c0000000)
  eden space 98816K, 69% used [0x0000000780000000,0x000000078432df30,0x0000000786080000)
  from space 10240K, 0% used [0x0000000786080000,0x0000000786080000,0x0000000786a80000)
  to   space 15872K, 0% used [0x0000000789300000,0x0000000789300000,0x000000078a280000)
 ParOldGen       total 54784K, used 25927K [0x0000000700000000, 0x0000000703580000, 0x0000000780000000)
  object space 54784K, 47% used [0x0000000700000000,0x0000000701951c30,0x0000000703580000)
 Metaspace       used 57334K, capacity 63917K, committed 64000K, reserved 1105920K
  class space    used 7640K, capacity 8149K, committed 8192K, reserved 1048576K
GC Heap History (10 events):
Event: 11.003 GC heap before
{Heap before GC invocations=8 (full 1):
 PSYoungGen      total 65536K, used 37865K [0x0000000780000000, 0x0000000784f00000, 0x00000007c0000000)
  eden space 59904K, 53% used [0x0000000780000000,0x0000000781f81850,0x0000000783a80000)
  from space 5632K, 99% used [0x0000000784980000,0x0000000784ef8e30,0x0000000784f00000)
  to   space 6656K, 0% used [0x0000000784200000,0x0000000784200000,0x0000000784880000)
 ParOldGen       total 21504K, used 6153K [0x0000000700000000, 0x0000000701500000, 0x0000000780000000)
  object space 21504K, 28% used [0x0000000700000000,0x0000000700602588,0x0000000701500000)
 Metaspace       used 33041K, capacity 35361K, committed 35496K, reserved 1081344K
  class space    used 4241K, capacity 4545K, committed 4608K, reserved 1048576K
Event: 11.036 GC heap after
Heap after GC invocations=8 (full 1):
 PSYoungGen      total 74240K, used 6647K [0x0000000780000000, 0x0000000787200000, 0x00000007c0000000)
  eden space 67584K, 0% used [0x0000000780000000,0x0000000780000000,0x0000000784200000)
  from space 6656K, 99% used [0x0000000784200000,0x000000078487dfa0,0x0000000784880000)
  to   space 7680K, 0% used [0x0000000786a80000,0x0000000786a80000,0x0000000787200000)
 ParOldGen       total 21504K, used 6857K [0x0000000700000000, 0x0000000701500000, 0x0000000780000000)
  object space 21504K, 31% used [0x0000000700000000,0x00000007006b27e0,0x0000000701500000)
 Metaspace       used 33041K, capacity 35361K, committed 35496K, reserved 1081344K
  class space    used 4241K, capacity 4545K, committed 4608K, reserved 1048576K
}
Event: 11.036 GC heap before
{Heap before GC invocations=9 (full 2):
 PSYoungGen      total 74240K, used 6647K [0x0000000780000000, 0x0000000787200000, 0x00000007c0000000)
  eden space 67584K, 0% used [0x0000000780000000,0x0000000780000000,0x0000000784200000)
  from space 6656K, 99% used [0x0000000784200000,0x000000078487dfa0,0x0000000784880000)
  to   space 7680K, 0% used [0x0000000786a80000,0x0000000786a80000,0x0000000787200000)
 ParOldGen       total 21504K, used 6857K [0x0000000700000000, 0x0000000701500000, 0x0000000780000000)
  object space 21504K, 31% used [0x0000000700000000,0x00000007006b27e0,0x0000000701500000)
 Metaspace       used 33041K, capacity 35361K, committed 35496K, reserved 1081344K
  class space    used 4241K, capacity 4545K, committed 4608K, reserved 1048576K
Event: 11.146 GC heap after
Heap after GC invocations=9 (full 2):
 PSYoungGen      total 74240K, used 0K [0x0000000780000000, 0x0000000787200000, 0x00000007c0000000)
  eden space 67584K, 0% used [0x0000000780000000,0x0000000780000000,0x0000000784200000)
  from space 6656K, 0% used [0x0000000784200000,0x0000000784200000,0x0000000784880000)
  to   space 7680K, 0% used [0x0000000786a80000,0x0000000786a80000,0x0000000787200000)
 ParOldGen       total 30720K, used 10357K [0x0000000700000000, 0x0000000701e00000, 0x0000000780000000)
  object space 30720K, 33% used [0x0000000700000000,0x0000000700a1d678,0x0000000701e00000)
 Metaspace       used 33041K, capacity 35361K, committed 35496K, reserved 1081344K
  class space    used 4241K, capacity 4545K, committed 4608K, reserved 1048576K
}
Event: 16.117 GC heap before
{Heap before GC invocations=10 (full 2):
 PSYoungGen      total 74240K, used 67584K [0x0000000780000000, 0x0000000787200000, 0x00000007c0000000)
  eden space 67584K, 100% used [0x0000000780000000,0x0000000784200000,0x0000000784200000)
  from space 6656K, 0% used [0x0000000784200000,0x0000000784200000,0x0000000784880000)
  to   space 7680K, 0% used [0x0000000786a80000,0x0000000786a80000,0x0000000787200000)
 ParOldGen       total 30720K, used 10357K [0x0000000700000000, 0x0000000701e00000, 0x0000000780000000)
  object space 30720K, 33% used [0x0000000700000000,0x0000000700a1d678,0x0000000701e00000)
 Metaspace       used 44988K, capacity 50166K, committed 50432K, reserved 1093632K
  class space    used 6216K, capacity 6608K, committed 6656K, reserved 1048576K
Event: 16.156 GC heap after
Heap after GC invocations=10 (full 2):
 PSYoungGen      total 106496K, used 7672K [0x0000000780000000, 0x0000000787b80000, 0x00000007c0000000)
  eden space 98816K, 0% used [0x0000000780000000,0x0000000780000000,0x0000000786080000)
  from space 7680K, 99% used [0x0000000786a80000,0x00000007871fe230,0x0000000787200000)
  to   space 10240K, 0% used [0x0000000786080000,0x0000000786080000,0x0000000786a80000)
 ParOldGen       total 30720K, used 13707K [0x0000000700000000, 0x0000000701e00000, 0x0000000780000000)
  object space 30720K, 44% used [0x0000000700000000,0x0000000700d62fa8,0x0000000701e00000)
 Metaspace       used 44988K, capacity 50166K, committed 50432K, reserved 1093632K
  class space    used 6216K, capacity 6608K, committed 6656K, reserved 1048576K
}
Event: 20.813 GC heap before
{Heap before GC invocations=11 (full 2):
 PSYoungGen      total 106496K, used 77263K [0x0000000780000000, 0x0000000787b80000, 0x00000007c0000000)
  eden space 98816K, 70% used [0x0000000780000000,0x00000007843f5b78,0x0000000786080000)
  from space 7680K, 99% used [0x0000000786a80000,0x00000007871fe230,0x0000000787200000)
  to   space 10240K, 0% used [0x0000000786080000,0x0000000786080000,0x0000000786a80000)
 ParOldGen       total 30720K, used 13707K [0x0000000700000000, 0x0000000701e00000, 0x0000000780000000)
  object space 30720K, 44% used [0x0000000700000000,0x0000000700d62fa8,0x0000000701e00000)
 Metaspace       used 53211K, capacity 59074K, committed 59160K, reserved 1101824K
  class space    used 7123K, capacity 7602K, committed 7680K, reserved 1048576K
Event: 20.965 GC heap after
Heap after GC invocations=11 (full 2):
 PSYoungGen      total 109056K, used 10211K [0x0000000780000000, 0x000000078a280000, 0x00000007c0000000)
  eden space 98816K, 0% used [0x0000000780000000,0x0000000780000000,0x0000000786080000)
  from space 10240K, 99% used [0x0000000786080000,0x0000000786a78f60,0x0000000786a80000)
  to   space 15872K, 0% used [0x0000000789300000,0x0000000789300000,0x000000078a280000)
 ParOldGen       total 30720K, used 23905K [0x0000000700000000, 0x0000000701e00000, 0x0000000780000000)
  object space 30720K, 77% used [0x0000000700000000,0x00000007017585a0,0x0000000701e00000)
 Metaspace       used 53211K, capacity 59074K, committed 59160K, reserved 1101824K
  class space    used 7123K, capacity 7602K, committed 7680K, reserved 1048576K
}
Event: 20.966 GC heap before
{Heap before GC invocations=12 (full 3):
 PSYoungGen      total 109056K, used 10211K [0x0000000780000000, 0x000000078a280000, 0x00000007c0000000)
  eden space 98816K, 0% used [0x0000000780000000,0x0000000780000000,0x0000000786080000)
  from space 10240K, 99% used [0x0000000786080000,0x0000000786a78f60,0x0000000786a80000)
  to   space 15872K, 0% used [0x0000000789300000,0x0000000789300000,0x000000078a280000)
 ParOldGen       total 30720K, used 23905K [0x0000000700000000, 0x0000000701e00000, 0x0000000780000000)
  object space 30720K, 77% used [0x0000000700000000,0x00000007017585a0,0x0000000701e00000)
 Metaspace       used 53211K, capacity 59074K, committed 59160K, reserved 1101824K
  class space    used 7123K, capacity 7602K, committed 7680K, reserved 1048576K
Event: 21.352 GC heap after
Heap after GC invocations=12 (full 3):
 PSYoungGen      total 109056K, used 0K [0x0000000780000000, 0x000000078a280000, 0x00000007c0000000)
  eden space 98816K, 0% used [0x0000000780000000,0x0000000780000000,0x0000000786080000)
  from space 10240K, 0% used [0x0000000786080000,0x0000000786080000,0x0000000786a80000)
  to   space 15872K, 0% used [0x0000000789300000,0x0000000789300000,0x000000078a280000)
 ParOldGen       total 54784K, used 25927K [0x0000000700000000, 0x0000000703580000, 0x0000000780000000)
  object space 54784K, 47% used [0x0000000700000000,0x0000000701951c30,0x0000000703580000)
 Metaspace       used 53211K, capacity 59074K, committed 59160K, reserved 1101824K
  class space    used 7123K, capacity 7602K, committed 7680K, reserved 1048576K
}

